[${project.name}][${env:SERVER_PORT}] 2022-03-17 22:15:11,278 INFO [main][PostProcessorRegistrationDelegate.java:330] - Bean 'org.springframework.cloud.autoconfigure.ConfigurationPropertiesRebinderAutoConfiguration' of type [org.springframework.cloud.autoconfigure.ConfigurationPropertiesRebinderAutoConfiguration$$EnhancerBySpringCGLIB$$1c8bd14b] is not eligible for getting processed by all BeanPostProcessors (for example: not eligible for auto-proxying)
[${project.name}][${env:SERVER_PORT}] 2022-03-17 22:15:12,109 INFO [main][NacosPropertySourceBuilder.java:87] - Loading nacos data, dataId: 'jwt.yaml', group: 'COMMON_GROUP'
[${project.name}][${env:SERVER_PORT}] 2022-03-17 22:15:12,171 INFO [main][NacosPropertySourceBuilder.java:87] - Loading nacos data, dataId: 'gateway-service.yaml', group: 'SHANJUPAY_GROUP'
[${project.name}][${env:SERVER_PORT}] 2022-03-17 22:15:12,176 INFO [main][PropertySourceBootstrapConfiguration.java:98] - Located property source: CompositePropertySource {name='NACOS', propertySources=[NacosPropertySource@50720817 {name='gateway-service.yaml', properties={zuul.ignoredServices=*, feign.compression.request.min-request-size=2048, zuul.routes.transaction-service.path=/transaction/**, zuul.sensitiveHeaders=*, feign.compression.response.enabled=true, feign.compression.request.mime-types[1]=application/xml, zuul.routes.uaa-service.stripPrefix=false, zuul.routes.operation-application.stripPrefix=false, zuul.retryable=true, ribbon.ReadTimeout=200000, zuul.routes.operation-application.path=/operation/**, zuul.routes.merchant-application.stripPrefix=false, ribbon.MaxAutoRetriesNextServer=1, hystrix.command.default.execution.isolation.thread.timeoutInMilliseconds=93000, zuul.routes.transaction-service.stripPrefix=false, ribbon.MaxAutoRetries=1, zuul.routes.uaa-service.path=/uaa/**, feign.compression.request.enabled=true, ribbon.ConnectTimeout=30000, zuul.routes.merchant-application.path=/merchant/**, zuul.add-host-header=true, hystrix.command.default.execution.timeout.enabled=true, ribbon.OkToRetryOnAllOperations=false, feign.hystrix.enabled=true, feign.compression.request.mime-types[2]=application/json, ribbon.nacos.enabled=true, feign.compression.request.mime-types[0]=text/xml}}, NacosPropertySource@1496220730 {name='jwt.yaml', properties={siging-key=shanju123}}]}
[${project.name}][${env:SERVER_PORT}] 2022-03-17 22:15:12,195 INFO [main][SpringApplication.java:675] - No active profile set, falling back to default profiles: default
[${project.name}][${env:SERVER_PORT}] 2022-03-17 22:15:12,591 WARN [main][EndpointId.java:135] - Endpoint ID 'nacos-config' contains invalid characters, please migrate to a valid format.
[${project.name}][${env:SERVER_PORT}] 2022-03-17 22:15:12,591 WARN [main][EndpointId.java:135] - Endpoint ID 'nacos-discovery' contains invalid characters, please migrate to a valid format.
[${project.name}][${env:SERVER_PORT}] 2022-03-17 22:15:12,722 WARN [main][EndpointId.java:135] - Endpoint ID 'service-registry' contains invalid characters, please migrate to a valid format.
[${project.name}][${env:SERVER_PORT}] 2022-03-17 22:15:12,730 WARN [main][EndpointId.java:135] - Endpoint ID 'hystrix.stream' contains invalid characters, please migrate to a valid format.
[${project.name}][${env:SERVER_PORT}] 2022-03-17 22:15:12,864 INFO [main][GenericScope.java:294] - BeanFactory id=04917c01-1b19-35aa-a4e4-57a0e1167788
[${project.name}][${env:SERVER_PORT}] 2022-03-17 22:15:12,984 INFO [main][PostProcessorRegistrationDelegate.java:330] - Bean 'org.springframework.cloud.autoconfigure.ConfigurationPropertiesRebinderAutoConfiguration' of type [org.springframework.cloud.autoconfigure.ConfigurationPropertiesRebinderAutoConfiguration$$EnhancerBySpringCGLIB$$1c8bd14b] is not eligible for getting processed by all BeanPostProcessors (for example: not eligible for auto-proxying)
[${project.name}][${env:SERVER_PORT}] 2022-03-17 22:15:13,216 INFO [main][TomcatWebServer.java:90] - Tomcat initialized with port(s): 56010 (http)
[${project.name}][${env:SERVER_PORT}] 2022-03-17 22:15:13,225 INFO [main][DirectJDKLog.java:173] - Initializing ProtocolHandler ["http-nio-56010"]
[${project.name}][${env:SERVER_PORT}] 2022-03-17 22:15:13,231 INFO [main][DirectJDKLog.java:173] - Starting service [Tomcat]
[${project.name}][${env:SERVER_PORT}] 2022-03-17 22:15:13,231 INFO [main][DirectJDKLog.java:173] - Starting Servlet engine: [Apache Tomcat/9.0.16]
[${project.name}][${env:SERVER_PORT}] 2022-03-17 22:15:13,235 INFO [main][DirectJDKLog.java:173] - The APR based Apache Tomcat Native library which allows optimal performance in production environments was not found on the java.library.path: [C:\Program Files\Java\jdk1.8.0_131\bin;C:\Windows\Sun\Java\bin;C:\Windows\system32;C:\Windows;C:\ProgramData\Oracle\Java\javapath;C:\Windows\system32;C:\Windows;C:\Windows\System32\Wbem;C:\Windows\System32\WindowsPowerShell\v1.0\;C:\Windows\System32\OpenSSH\;C:\Program Files\Java\jdk1.8.0_131\bin;D:\Program Files (x86)\NetSarang\Xshell 7\;D:\Program Files (x86)\NetSarang\Xftp 7\;D:\Program Files\TortoiseGit\bin;d:\Program Files\Git\cmd;D:\Program Files\nodejs\;D:\Program Files (x86)\Yarn\bin\;E:\IdeaProjects\shanjupay-web\project-juhezhifu-admin-vue\node_modules\.bin;C:\Users\DELL\AppData\Local\Microsoft\WindowsApps;C:\Users\DELL\AppData\Roaming\npm;C:\Users\DELL\AppData\Local\Yarn\bin;.]
[${project.name}][${env:SERVER_PORT}] 2022-03-17 22:15:13,339 INFO [main][DirectJDKLog.java:173] - Initializing Spring embedded WebApplicationContext
[${project.name}][${env:SERVER_PORT}] 2022-03-17 22:15:13,340 INFO [main][ServletWebServerApplicationContext.java:296] - Root WebApplicationContext: initialization completed in 1137 ms
[${project.name}][${env:SERVER_PORT}] 2022-03-17 22:15:13,409 WARN [main][URLConfigurationSource.java:121] - No URLs will be polled as dynamic configuration sources.
[${project.name}][${env:SERVER_PORT}] 2022-03-17 22:15:13,410 INFO [main][URLConfigurationSource.java:122] - To enable URLs as dynamic configuration sources, define System property archaius.configurationSource.additionalUrls or make config.properties available on classpath.
[${project.name}][${env:SERVER_PORT}] 2022-03-17 22:15:13,412 DEBUG [main][HystrixPlugins.java:386] - Created HystrixDynamicProperties. Using class : com.netflix.hystrix.strategy.properties.archaius.HystrixDynamicPropertiesArchaius
[${project.name}][${env:SERVER_PORT}] 2022-03-17 22:15:13,416 INFO [main][DynamicPropertyFactory.java:281] - DynamicPropertyFactory is initialized with configuration sources: com.netflix.config.ConcurrentCompositeConfiguration@76ff68c5
[${project.name}][${env:SERVER_PORT}] 2022-03-17 22:15:14,208 WARN [main][JwtAccessTokenConverter.java:302] - Unable to create an RSA verifier from verifierKey (ignoreable if using MAC)
[${project.name}][${env:SERVER_PORT}] 2022-03-17 22:15:14,253 WARN [main][URLConfigurationSource.java:121] - No URLs will be polled as dynamic configuration sources.
[${project.name}][${env:SERVER_PORT}] 2022-03-17 22:15:14,253 INFO [main][URLConfigurationSource.java:122] - To enable URLs as dynamic configuration sources, define System property archaius.configurationSource.additionalUrls or make config.properties available on classpath.
[${project.name}][${env:SERVER_PORT}] 2022-03-17 22:15:14,269 DEBUG [main][TraversableResolvers.java:60] - Cannot find javax.persistence.Persistence on classpath. Assuming non JPA 2 environment. All properties will per default be traversable.
[${project.name}][${env:SERVER_PORT}] 2022-03-17 22:15:14,270 DEBUG [main][ResourceBundleMessageInterpolator.java:89] - Loaded expression factory via original TCCL
[${project.name}][${env:SERVER_PORT}] 2022-03-17 22:15:14,272 DEBUG [main][TraversableResolvers.java:60] - Cannot find javax.persistence.Persistence on classpath. Assuming non JPA 2 environment. All properties will per default be traversable.
[${project.name}][${env:SERVER_PORT}] 2022-03-17 22:15:14,273 DEBUG [main][ConfigurationImpl.java:148] - Setting custom MessageInterpolator of type org.springframework.validation.beanvalidation.LocaleContextMessageInterpolator
[${project.name}][${env:SERVER_PORT}] 2022-03-17 22:15:14,273 DEBUG [main][ConfigurationImpl.java:180] - Setting custom ConstraintValidatorFactory of type org.springframework.validation.beanvalidation.SpringConstraintValidatorFactory
[${project.name}][${env:SERVER_PORT}] 2022-03-17 22:15:14,274 DEBUG [main][ConfigurationImpl.java:194] - Setting custom ParameterNameProvider of type org.springframework.validation.beanvalidation.LocalValidatorFactoryBean$1
[${project.name}][${env:SERVER_PORT}] 2022-03-17 22:15:14,274 DEBUG [main][ValidationXmlParser.java:120] - Trying to load META-INF/validation.xml for XML based Validator configuration.
[${project.name}][${env:SERVER_PORT}] 2022-03-17 22:15:14,274 DEBUG [main][ResourceLoaderHelper.java:53] - Trying to load META-INF/validation.xml via user class loader
[${project.name}][${env:SERVER_PORT}] 2022-03-17 22:15:14,275 DEBUG [main][ResourceLoaderHelper.java:60] - Trying to load META-INF/validation.xml via TCCL
[${project.name}][${env:SERVER_PORT}] 2022-03-17 22:15:14,275 DEBUG [main][ResourceLoaderHelper.java:66] - Trying to load META-INF/validation.xml via Hibernate Validator's class loader
[${project.name}][${env:SERVER_PORT}] 2022-03-17 22:15:14,275 DEBUG [main][ValidationXmlParser.java:127] - No META-INF/validation.xml found. Using annotation based configuration only.
[${project.name}][${env:SERVER_PORT}] 2022-03-17 22:15:14,278 DEBUG [main][ValidatorFactoryImpl.java:578] - HV000234: Using org.springframework.validation.beanvalidation.LocaleContextMessageInterpolator as ValidatorFactory-scoped message interpolator.
[${project.name}][${env:SERVER_PORT}] 2022-03-17 22:15:14,278 DEBUG [main][ValidatorFactoryImpl.java:579] - HV000234: Using org.hibernate.validator.internal.engine.resolver.TraverseAllTraversableResolver as ValidatorFactory-scoped traversable resolver.
[${project.name}][${env:SERVER_PORT}] 2022-03-17 22:15:14,279 DEBUG [main][ValidatorFactoryImpl.java:580] - HV000234: Using org.hibernate.validator.internal.util.ExecutableParameterNameProvider as ValidatorFactory-scoped parameter name provider.
[${project.name}][${env:SERVER_PORT}] 2022-03-17 22:15:14,279 DEBUG [main][ValidatorFactoryImpl.java:581] - HV000234: Using org.hibernate.validator.internal.engine.DefaultClockProvider as ValidatorFactory-scoped clock provider.
[${project.name}][${env:SERVER_PORT}] 2022-03-17 22:15:14,279 DEBUG [main][ValidatorFactoryImpl.java:582] - HV000234: Using org.hibernate.validator.internal.engine.scripting.DefaultScriptEvaluatorFactory as ValidatorFactory-scoped script evaluator factory.
[${project.name}][${env:SERVER_PORT}] 2022-03-17 22:15:14,375 INFO [main][ExecutorConfigurationSupport.java:171] - Initializing ExecutorService 'applicationTaskExecutor'
[${project.name}][${env:SERVER_PORT}] 2022-03-17 22:15:14,459 INFO [main][ExecutorConfigurationSupport.java:171] - Initializing ExecutorService
[${project.name}][${env:SERVER_PORT}] 2022-03-17 22:15:14,614 INFO [main][UserDetailsServiceAutoConfiguration.java:86] - 

Using generated security password: 0eb1e730-b26f-41c7-9f6e-f5dcc8ffb730

[${project.name}][${env:SERVER_PORT}] 2022-03-17 22:15:14,689 INFO [main][DefaultSecurityFilterChain.java:43] - Creating filter chain: any request, [org.springframework.security.web.context.request.async.WebAsyncManagerIntegrationFilter@12cd129c, org.springframework.security.web.context.SecurityContextPersistenceFilter@1689527c, org.springframework.security.web.header.HeaderWriterFilter@3e0a9b1d, org.springframework.security.web.authentication.logout.LogoutFilter@3ca17943, org.springframework.security.oauth2.provider.authentication.OAuth2AuthenticationProcessingFilter@45b7c97f, org.springframework.security.web.savedrequest.RequestCacheAwareFilter@5cce40d7, org.springframework.security.web.servletapi.SecurityContextHolderAwareRequestFilter@365cef67, org.springframework.security.web.authentication.AnonymousAuthenticationFilter@1a717d79, org.springframework.security.web.session.SessionManagementFilter@3070f3e6, org.springframework.security.web.access.ExceptionTranslationFilter@3a45afd4, org.springframework.security.web.access.intercept.FilterSecurityInterceptor@6ee37ca7]
[${project.name}][${env:SERVER_PORT}] 2022-03-17 22:15:14,695 INFO [main][DefaultSecurityFilterChain.java:43] - Creating filter chain: any request, [org.springframework.security.web.context.request.async.WebAsyncManagerIntegrationFilter@586843bc, org.springframework.security.web.context.SecurityContextPersistenceFilter@10e56da9, org.springframework.security.web.header.HeaderWriterFilter@538b3c88, org.springframework.security.web.authentication.logout.LogoutFilter@748904e8, org.springframework.security.web.savedrequest.RequestCacheAwareFilter@28cb86b2, org.springframework.security.web.servletapi.SecurityContextHolderAwareRequestFilter@22ae905f, org.springframework.security.web.authentication.AnonymousAuthenticationFilter@17134190, org.springframework.security.web.session.SessionManagementFilter@19b9f903, org.springframework.security.web.access.ExceptionTranslationFilter@51ed2f68, org.springframework.security.web.access.intercept.FilterSecurityInterceptor@524f5ea5]
[${project.name}][${env:SERVER_PORT}] 2022-03-17 22:15:14,736 INFO [main][EndpointLinksResolver.java:59] - Exposing 2 endpoint(s) beneath base path '/actuator'
[${project.name}][${env:SERVER_PORT}] 2022-03-17 22:15:15,060 INFO [main][ZuulFilterInitializer.java:65] - Starting filter initializer
[${project.name}][${env:SERVER_PORT}] 2022-03-17 22:15:15,214 INFO [main][DirectJDKLog.java:173] - Starting ProtocolHandler ["http-nio-56010"]
[${project.name}][${env:SERVER_PORT}] 2022-03-17 22:15:15,231 INFO [main][TomcatWebServer.java:204] - Tomcat started on port(s): 56010 (http) with context path ''
[${project.name}][${env:SERVER_PORT}] 2022-03-17 22:15:15,297 INFO [main][NacosServiceRegistry.java:62] - nacos registry, gateway-service 192.168.0.104:56010 register finished
[${project.name}][${env:SERVER_PORT}] 2022-03-17 22:15:15,343 INFO [main][StartupInfoLogger.java:59] - Started GatewayBootstrap in 4.724 seconds (JVM running for 5.825)
[${project.name}][${env:SERVER_PORT}] 2022-03-17 22:15:15,688 INFO [RMI TCP Connection(6)-192.168.0.104][DirectJDKLog.java:173] - Initializing Spring DispatcherServlet 'dispatcherServlet'
[${project.name}][${env:SERVER_PORT}] 2022-03-17 22:15:15,688 INFO [RMI TCP Connection(6)-192.168.0.104][FrameworkServlet.java:524] - Initializing Servlet 'dispatcherServlet'
[${project.name}][${env:SERVER_PORT}] 2022-03-17 22:15:15,694 INFO [RMI TCP Connection(6)-192.168.0.104][FrameworkServlet.java:546] - Completed initialization in 5 ms
[${project.name}][${env:SERVER_PORT}] 2022-03-17 22:15:18,888 WARN [ThreadPoolTaskScheduler-1][DubboServiceMetadataRepository.java:216] - Current application will subscribe all services(size:6) in registry, a lot of memory and CPU cycles may be used, thus it's strongly recommend you using the externalized property 'dubbo.cloud.subscribed-services' to specify the services
[${project.name}][${env:SERVER_PORT}] 2022-03-17 22:15:19,583 DEBUG [NettyServerWorker-5-8][HeartbeatHandler.java:74] -  [DUBBO] Received heartbeat from remote channel /192.168.0.104:63740, cause: The channel has no data-transmission exceeds a heartbeat period: 60000ms, dubbo version: 2.7.3, current host: 192.168.0.104
[${project.name}][${env:SERVER_PORT}] 2022-03-17 22:15:20,340 DEBUG [DubboServerHandler-192.168.0.104:20881-thread-199][DubboProtocol.java:174] -  [DUBBO] disconnected from /192.168.0.104:49729,url:dubbo://192.168.0.104:20881/com.shanjupay.uua.api.OauthClientDetailsService?anyhost=true&application=uaa-service&bean.name=ServiceBean:com.shanjupay.uua.api.OauthClientDetailsService&bind.ip=192.168.0.104&bind.port=20881&channel.readonly.sent=true&codec=dubbo&deprecated=false&dubbo=2.0.2&dynamic=true&generic=false&heartbeat=60000&interface=com.shanjupay.uua.api.OauthClientDetailsService&methods=getClientDetailsByClientId,createClientDetails&pid=17004&qos.enable=false&qos.port=22220&register=true&release=2.7.3&side=provider&timestamp=1647482009016, dubbo version: 2.7.3, current host: 192.168.0.104
